<?xml version="1.0" encoding="UTF-8" ?>
<testsuite tests="30" failures="0" name="haidnor.jvm.test.TestJVM" time="0.613" errors="0" skipped="0">
  <properties>
[...]
</properties>
  <testcase classname="haidnor.jvm.test.TestJVM" name="demo_exception_1" time="0.414"/>
  <testcase classname="haidnor.jvm.test.TestJVM" name="demo_exception_2" time="0.01"/>
  <testcase classname="haidnor.jvm.test.TestJVM" name="demo_exception_3" time="0.005"/>
  <testcase classname="haidnor.jvm.test.TestJVM" name="demo_exception_4" time="0.004"/>
  <testcase classname="haidnor.jvm.test.TestJVM" name="test_ISUB" time="0.004"/>
  <testcase classname="haidnor.jvm.test.TestJVM" name="test_LSUB" time="0.005"/>
  <testcase classname="haidnor.jvm.test.TestJVM" name="test_NEW" time="0.01"/>
  <testcase classname="haidnor.jvm.test.TestJVM" name="demo_while" time="0.006"/>
  <testcase classname="haidnor.jvm.test.TestJVM" name="test_1" time="0.003"/>
  <testcase classname="haidnor.jvm.test.TestJVM" name="test_2" time="0.003"/>
  <testcase classname="haidnor.jvm.test.TestJVM" name="test_3" time="0.032"/>
  <testcase classname="haidnor.jvm.test.TestJVM" name="test_4" time="0.013"/>
  <testcase classname="haidnor.jvm.test.TestJVM" name="test_5" time="0.01"/>
  <testcase classname="haidnor.jvm.test.TestJVM" name="test_6" time="0.013"/>
  <testcase classname="haidnor.jvm.test.TestJVM" name="test_7" time="0.006"/>
  <testcase classname="haidnor.jvm.test.TestJVM" name="test_8" time="0.019"/>
  <testcase classname="haidnor.jvm.test.TestJVM" name="demo_finally_1" time="0.007"/>
  <testcase classname="haidnor.jvm.test.TestJVM" name="demo_finally_2" time="0.003"/>
  <testcase classname="haidnor.jvm.test.TestJVM" name="demo_finally_3" time="0.003"/>
  <testcase classname="haidnor.jvm.test.TestJVM" name="demo_doWhile" time="0.005"/>
  <testcase classname="haidnor.jvm.test.TestJVM" name="test_" time="0"/>
  <testcase classname="haidnor.jvm.test.TestJVM" name="demo_enum_1" time="0"/>
  <testcase classname="haidnor.jvm.test.TestJVM" name="test_Switch_table" time="0.005"/>
  <testcase classname="haidnor.jvm.test.TestJVM" name="demo_foreach_2" time="0"/>
  <testcase classname="haidnor.jvm.test.TestJVM" name="demo_foreach_3" time="0"/>
  <testcase classname="haidnor.jvm.test.TestJVM" name="demo_for" time="0.005"/>
  <testcase classname="haidnor.jvm.test.TestJVM" name="test_DOWHILE" time="0.005"/>
  <testcase classname="haidnor.jvm.test.TestJVM" name="test_Switch_lookup" time="0.004"/>
  <testcase classname="haidnor.jvm.test.TestJVM" name="demo_foreach" time="0.01"/>
  <testcase classname="haidnor.jvm.test.TestJVM" name="test_Array" time="0.009"/>
</testsuite>